{"name": "Run a simple test with argument -- @1.1 ", "status": "failed", "statusDetails": {"message": "AssertionError\n", "trace": "  File \"C:\\Users\\Dell\\PycharmProjects\\pythonProject\\pyWebAutomation1x\\venv\\Lib\\site-packages\\behave\\model.py\", line 1329, in run\n    match.run(runner.context)\n  File \"C:\\Users\\Dell\\PycharmProjects\\pythonProject\\pyWebAutomation1x\\venv\\Lib\\site-packages\\behave\\matchers.py\", line 98, in run\n    self.func(context, *args, **kwargs)\n  File \"features\\steps\\test_steps.py\", line 24, in step_impl\n    assert expected_response.get(context.greeting, \" \") == response\n"}, "steps": [{"name": "Given we have behave installed", "status": "passed", "start": 1707306175478, "stop": 1707306175478}, {"name": "When we say HELLO", "status": "passed", "start": 1707306175478, "stop": 1707306175478}, {"name": "Then behave should respond with HI,There", "status": "failed", "statusDetails": {"message": "AssertionError\n", "trace": "  File \"C:\\Users\\Dell\\PycharmProjects\\pythonProject\\pyWebAutomation1x\\venv\\Lib\\site-packages\\behave\\model.py\", line 1329, in run\n    match.run(runner.context)\n  File \"C:\\Users\\Dell\\PycharmProjects\\pythonProject\\pyWebAutomation1x\\venv\\Lib\\site-packages\\behave\\matchers.py\", line 98, in run\n    self.func(context, *args, **kwargs)\n  File \"features\\steps\\test_steps.py\", line 24, in step_impl\n    assert expected_response.get(context.greeting, \" \") == response\n"}, "start": 1707306175478, "stop": 1707306175697}], "parameters": [{"name": "greeting", "value": "HELLO"}, {"name": "response", "value": "HI,There"}], "start": 1707306175432, "stop": 1707306175697, "uuid": "ee80da68-9b76-42b2-8343-ba1c480167a6", "historyId": "9e38a37b96098f9e0dbc81c2dfd79113", "fullName": "Showing off behave with Scenario Outline: Run a simple test with argument", "labels": [{"name": "severity", "value": "normal"}, {"name": "feature", "value": "Showing off behave with Scenario Outline"}, {"name": "framework", "value": "behave"}, {"name": "language", "value": "cpython3"}]}